[0m22:12:27.251619 [debug] [MainThread]: Sending event: {'category': 'dbt', 'action': 'invocation', 'label': 'start', 'context': [<snowplow_tracker.self_describing_json.SelfDescribingJson object at 0x000002407B548DA0>, <snowplow_tracker.self_describing_json.SelfDescribingJson object at 0x000002407B2C8DD0>, <snowplow_tracker.self_describing_json.SelfDescribingJson object at 0x000002407A682CF0>]}


============================== 22:12:27.258137 | c78edcc1-c348-42fc-af8a-9097b7082c72 ==============================
[0m22:12:27.258137 [info ] [MainThread]: Running with dbt=1.8.7
[0m22:12:27.259476 [debug] [MainThread]: running dbt with arguments {'printer_width': '80', 'indirect_selection': 'eager', 'write_json': 'True', 'log_cache_events': 'False', 'partial_parse': 'True', 'cache_selected_only': 'False', 'profiles_dir': 'C:\\Users\\Tanay\\.dbt', 'debug': 'False', 'version_check': 'True', 'log_path': 'logs', 'fail_fast': 'False', 'warn_error': 'None', 'use_colors': 'True', 'use_experimental_parser': 'False', 'empty': 'None', 'quiet': 'False', 'no_print': 'None', 'log_format': 'default', 'static_parser': 'True', 'invocation_command': 'dbt init Credit_Risk', 'warn_error_options': 'WarnErrorOptions(include=[], exclude=[])', 'target_path': 'None', 'introspect': 'True', 'send_anonymous_usage_stats': 'True'}
[0m22:12:27.303163 [warn ] [MainThread]: [ConfigFolderDirectory]: Unable to parse logging event dictionary. Failed to parse dir field: expected string or bytes-like object, got 'WindowsPath'.. Dictionary: {'dir': WindowsPath('C:/Users/Tanay/.dbt')}
[0m22:12:27.303163 [info ] [MainThread]: Creating dbt configuration folder at 
[0m22:12:27.307879 [debug] [MainThread]: Starter project path: C:\Users\Tanay\Desktop\Credit_Risk\venv\Lib\site-packages\dbt\include\starter_project
[0m22:12:27.361013 [info ] [MainThread]: 
Your new dbt project "Credit_Risk" was created!

For more information on how to configure the profiles.yml file,
please consult the dbt documentation here:

  https://docs.getdbt.com/docs/configure-your-profile

One more thing:

Need help? Don't hesitate to reach out to us via GitHub issues or on Slack:

  https://community.getdbt.com/

Happy modeling!

[0m22:12:27.362456 [info ] [MainThread]: Setting up your profile.
[0m22:14:36.532072 [info ] [MainThread]: Profile Credit_Risk written to C:\Users\Tanay\.dbt\profiles.yml using target's profile_template.yml and your supplied values. Run 'dbt debug' to validate the connection.
[0m22:14:36.534081 [debug] [MainThread]: Command `dbt init` succeeded at 22:14:36.534081 after 129.63 seconds
[0m22:14:36.535078 [debug] [MainThread]: Sending event: {'category': 'dbt', 'action': 'invocation', 'label': 'end', 'context': [<snowplow_tracker.self_describing_json.SelfDescribingJson object at 0x000002407ACD2390>, <snowplow_tracker.self_describing_json.SelfDescribingJson object at 0x00000240169F9E80>, <snowplow_tracker.self_describing_json.SelfDescribingJson object at 0x0000024018CBC440>]}
[0m22:14:36.536075 [debug] [MainThread]: Flushing usage events
